[debug] [2017-11-23T08:06:40.652Z] ----------------------------------------------------------------------
[debug] [2017-11-23T08:06:40.681Z] Command:       C:\Program Files\nodejs\node.exe C:\Users\user\AppData\Roaming\npm\node_modules\firebase-tools\bin\firebase deploy
[debug] [2017-11-23T08:06:40.682Z] CLI Version:   3.13.1
[debug] [2017-11-23T08:06:40.682Z] Platform:      win32
[debug] [2017-11-23T08:06:40.683Z] Node Version:  v6.10.2
[debug] [2017-11-23T08:06:40.684Z] Time:          Thu Nov 23 2017 16:06:40 GMT+0800 (Malay Peninsula Standard Time)
[debug] [2017-11-23T08:06:40.684Z] ----------------------------------------------------------------------
[debug] 
[debug] [2017-11-23T08:06:40.898Z] > command requires scopes: ["email","openid","https://www.googleapis.com/auth/cloudplatformprojects.readonly","https://www.googleapis.com/auth/firebase","https://www.googleapis.com/auth/cloud-platform"]
[debug] [2017-11-23T08:06:40.911Z] > authorizing via signed-in user
[debug] [2017-11-23T08:06:40.918Z] > refreshing access token with scopes: ["email","https://www.googleapis.com/auth/cloud-platform","https://www.googleapis.com/auth/cloudplatformprojects.readonly","https://www.googleapis.com/auth/firebase","openid"]
[debug] [2017-11-23T08:06:40.919Z] >>> HTTP REQUEST POST https://www.googleapis.com/oauth2/v3/token { refresh_token: '1/moFZBwGoPjksADMFNY3sb7jI9AaJKp3OZh3qj8xp9rk',
  client_id: '563584335869-fgrhgmd47bqnekij5i8b5pr03ho849e6.apps.googleusercontent.com',
  client_secret: 'j9iVZfS8kkCEFUPaAeJV0sAi',
  grant_type: 'refresh_token',
  scope: 'email https://www.googleapis.com/auth/cloud-platform https://www.googleapis.com/auth/cloudplatformprojects.readonly https://www.googleapis.com/auth/firebase openid' } 
 Thu Nov 23 2017 16:06:40 GMT+0800 (Malay Peninsula Standard Time)
[debug] [2017-11-23T08:06:41.359Z] <<< HTTP RESPONSE 200
[debug] [2017-11-23T08:06:41.549Z] >>> HTTP REQUEST GET https://admin.firebase.com/v1/projects/ohana-43e29  
 Thu Nov 23 2017 16:06:41 GMT+0800 (Malay Peninsula Standard Time)
[debug] [2017-11-23T08:06:43.062Z] <<< HTTP RESPONSE 200
[debug] [2017-11-23T08:06:43.063Z] >>> HTTP REQUEST GET https://admin.firebase.com/v1/database/ohana-43e29/tokens  
 Thu Nov 23 2017 16:06:43 GMT+0800 (Malay Peninsula Standard Time)
[debug] [2017-11-23T08:06:44.110Z] <<< HTTP RESPONSE 200
[info] 1
[info] 
[info] === Deploying to 'ohana-43e29'...
[info] 
[info] i  deploying functions
[debug] [2017-11-23T08:06:46.602Z] > [functions] package.json contents: {
  "name": "functions",
  "description": "Cloud Functions for Firebase",
  "scripts": {
    "serve": "firebase serve --only functions",
    "shell": "firebase experimental:functions:shell",
    "start": "npm run shell",
    "deploy": "firebase deploy --only functions",
    "logs": "firebase functions:log"
  },
  "dependencies": {
    "firebase-admin": "~5.5.0",
    "firebase-functions": "^0.7.1"
  },
  "private": true
}
[info] i  functions: ensuring necessary APIs are enabled...
[info] i  runtimeconfig: ensuring necessary APIs are enabled...
[debug] [2017-11-23T08:06:46.626Z] >>> HTTP REQUEST GET https://servicemanagement.googleapis.com/v1/services/cloudfunctions.googleapis.com/projectSettings/ohana-43e29?view=CONSUMER_VIEW  
 Thu Nov 23 2017 16:06:46 GMT+0800 (Malay Peninsula Standard Time)
[debug] [2017-11-23T08:06:46.627Z] >>> HTTP REQUEST GET https://servicemanagement.googleapis.com/v1/services/runtimeconfig.googleapis.com/projectSettings/ohana-43e29?view=CONSUMER_VIEW  
 Thu Nov 23 2017 16:06:46 GMT+0800 (Malay Peninsula Standard Time)
[debug] [2017-11-23T08:06:48.271Z] <<< HTTP RESPONSE 200
[info] +  runtimeconfig: all necessary APIs are enabled
[debug] [2017-11-23T08:06:48.519Z] <<< HTTP RESPONSE 200
[info] +  functions: all necessary APIs are enabled
[debug] [2017-11-23T08:06:48.521Z] >>> HTTP REQUEST GET https://appengine.googleapis.com/v1/apps/ohana-43e29  
 Thu Nov 23 2017 16:06:48 GMT+0800 (Malay Peninsula Standard Time)
[debug] [2017-11-23T08:06:48.521Z] >>> HTTP REQUEST GET https://apikeys.googleapis.com/v1/projects/ohana-43e29/apiKeys  
 Thu Nov 23 2017 16:06:48 GMT+0800 (Malay Peninsula Standard Time)
[debug] [2017-11-23T08:09:50.731Z] ----------------------------------------------------------------------
[debug] [2017-11-23T08:09:50.734Z] Command:       C:\Program Files\nodejs\node.exe C:\Users\user\AppData\Roaming\npm\node_modules\firebase-tools\bin\firebase init
[debug] [2017-11-23T08:09:50.735Z] CLI Version:   3.13.1
[debug] [2017-11-23T08:09:50.735Z] Platform:      win32
[debug] [2017-11-23T08:09:50.735Z] Node Version:  v6.10.2
[debug] [2017-11-23T08:09:50.735Z] Time:          Thu Nov 23 2017 16:09:50 GMT+0800 (Malay Peninsula Standard Time)
[debug] [2017-11-23T08:09:50.736Z] ----------------------------------------------------------------------
[debug] 
[debug] [2017-11-23T08:09:50.749Z] > command requires scopes: ["email","openid","https://www.googleapis.com/auth/cloudplatformprojects.readonly","https://www.googleapis.com/auth/firebase"]
[debug] [2017-11-23T08:09:50.749Z] > authorizing via signed-in user
[info] 
     ######## #### ########  ######## ########     ###     ######  ########
     ##        ##  ##     ## ##       ##     ##  ##   ##  ##       ##
     ######    ##  ########  ######   ########  #########  ######  ######
     ##        ##  ##    ##  ##       ##     ## ##     ##       ## ##
     ##       #### ##     ## ######## ########  ##     ##  ######  ########

You're about to initialize a Firebase project in this directory:

  C:\Users\user\Desktop\IT Project\A Official Projects\Ohana-Laravel-5.5

Before we get started, keep in mind:

  * You are initializing in an existing Firebase project directory

[debug] [2017-11-23T08:24:35.778Z] ----------------------------------------------------------------------
[debug] [2017-11-23T08:24:35.782Z] Command:       C:\Program Files\nodejs\node.exe C:\Users\user\AppData\Roaming\npm\node_modules\firebase-tools\bin\firebase deploy
[debug] [2017-11-23T08:24:35.783Z] CLI Version:   3.13.1
[debug] [2017-11-23T08:24:35.783Z] Platform:      win32
[debug] [2017-11-23T08:24:35.783Z] Node Version:  v6.10.2
[debug] [2017-11-23T08:24:35.784Z] Time:          Thu Nov 23 2017 16:24:35 GMT+0800 (Malay Peninsula Standard Time)
[debug] [2017-11-23T08:24:35.784Z] ----------------------------------------------------------------------
[debug] 
[debug] [2017-11-23T08:24:35.894Z] > command requires scopes: ["email","openid","https://www.googleapis.com/auth/cloudplatformprojects.readonly","https://www.googleapis.com/auth/firebase","https://www.googleapis.com/auth/cloud-platform"]
[debug] [2017-11-23T08:24:35.895Z] > authorizing via signed-in user
[debug] [2017-11-23T08:24:35.900Z] >>> HTTP REQUEST GET https://admin.firebase.com/v1/projects/ohana-43e29  
 Thu Nov 23 2017 16:24:35 GMT+0800 (Malay Peninsula Standard Time)
[debug] [2017-11-23T08:24:37.594Z] <<< HTTP RESPONSE 200
[debug] [2017-11-23T08:24:37.596Z] >>> HTTP REQUEST GET https://admin.firebase.com/v1/database/ohana-43e29/tokens  
 Thu Nov 23 2017 16:24:37 GMT+0800 (Malay Peninsula Standard Time)
[debug] [2017-11-23T08:24:38.713Z] <<< HTTP RESPONSE 200
[info] 1
[info] 
[info] === Deploying to 'ohana-43e29'...
[info] 
[info] i  deploying functions
[debug] [2017-11-23T08:24:41.450Z] > [functions] package.json contents: {
  "name": "functions",
  "description": "Cloud Functions for Firebase",
  "dependencies": {
    "firebase-admin": "~5.4.0",
    "firebase-functions": "^0.7.0"
  },
  "private": true
}
[info] i  functions: ensuring necessary APIs are enabled...
[info] i  runtimeconfig: ensuring necessary APIs are enabled...
[debug] [2017-11-23T08:24:41.454Z] >>> HTTP REQUEST GET https://servicemanagement.googleapis.com/v1/services/cloudfunctions.googleapis.com/projectSettings/ohana-43e29?view=CONSUMER_VIEW  
 Thu Nov 23 2017 16:24:41 GMT+0800 (Malay Peninsula Standard Time)
[debug] [2017-11-23T08:24:41.455Z] >>> HTTP REQUEST GET https://servicemanagement.googleapis.com/v1/services/runtimeconfig.googleapis.com/projectSettings/ohana-43e29?view=CONSUMER_VIEW  
 Thu Nov 23 2017 16:24:41 GMT+0800 (Malay Peninsula Standard Time)
[debug] [2017-11-23T08:24:43.057Z] <<< HTTP RESPONSE 200
[info] +  runtimeconfig: all necessary APIs are enabled
[debug] [2017-11-23T08:24:43.140Z] <<< HTTP RESPONSE 200
[info] +  functions: all necessary APIs are enabled
[debug] [2017-11-23T08:24:43.143Z] >>> HTTP REQUEST GET https://appengine.googleapis.com/v1/apps/ohana-43e29  
 Thu Nov 23 2017 16:24:43 GMT+0800 (Malay Peninsula Standard Time)
[debug] [2017-11-23T08:24:43.144Z] >>> HTTP REQUEST GET https://apikeys.googleapis.com/v1/projects/ohana-43e29/apiKeys  
 Thu Nov 23 2017 16:24:43 GMT+0800 (Malay Peninsula Standard Time)
